<?xml version="1.0" encoding="UTF-8"?>
<!-- Generated by org.testng.reporters.JUnitReportReporter -->
<testsuite skipped="0" hostname="2015080004-3WVP" name="PC_Pay_point_DEL.PC_Pay_point_DEL.AppTest" tests="1" failures="0" timestamp="28 2ì›” 2019 08:27:10 GMT" time="5.810" errors="0">
  <testcase name="test" time="5.810" classname="PC_Pay_point_DEL.PC_Pay_point_DEL.AppTest"/>
</testsuite> <!-- PC_Pay_point_DEL.PC_Pay_point_DEL.AppTest -->
